This is pdfTeX, Version 3.1415926-1.40.10 (TeX Live 2009/Debian) (format=latex 2011.4.7)  16 SEP 2011 17:44
entering extended mode
 %&-line parsing enabled.
**MainBody.tex
(./MainBody.tex
LaTeX2e <2009/09/24>
Babel <v3.8l> and hyphenation patterns for english, usenglishmax, dumylang, noh
yphenation, loaded.
(/usr/share/texmf-texlive/tex/latex/base/book.cls
Document Class: book 2007/10/19 v1.4h Standard LaTeX document class
(/usr/share/texmf-texlive/tex/latex/base/bk10.clo
File: bk10.clo 2007/10/19 v1.4h Standard LaTeX file (size option)
)
\c@part=\count79
\c@chapter=\count80
\c@section=\count81
\c@subsection=\count82
\c@subsubsection=\count83
\c@paragraph=\count84
\c@subparagraph=\count85
\c@figure=\count86
\c@table=\count87
\abovecaptionskip=\skip41
\belowcaptionskip=\skip42
\bibindent=\dimen102
)
(/usr/share/texmf-texlive/tex/latex/graphics/color.sty
Package: color 2005/11/14 v1.0j Standard LaTeX Color (DPC)

(/etc/texmf/tex/latex/config/color.cfg
File: color.cfg 2007/01/18 v1.5 color configuration of teTeX/TeXLive
)
Package color Info: Driver file: dvips.def on input line 130.

(/usr/share/texmf-texlive/tex/latex/graphics/dvips.def
File: dvips.def 1999/02/16 v3.0i Driver-dependant file (DPC,SPQR)
)
(/usr/share/texmf-texlive/tex/latex/graphics/dvipsnam.def
File: dvipsnam.def 1999/02/16 v3.0i Driver-dependant file (DPC,SPQR)
))
(/usr/share/texmf-texlive/tex/latex/soul/soul.sty
Package: soul 2003/11/17 v2.4 letterspacing/underlining (mf)
\SOUL@word=\toks14
\SOUL@lasttoken=\toks15
\SOUL@cmds=\toks16
\SOUL@buffer=\toks17
\SOUL@token=\toks18
\SOUL@spaceskip=\skip43
\SOUL@ttwidth=\dimen103
\SOUL@uldp=\dimen104
\SOUL@ulht=\dimen105
)
(/usr/share/texmf-texlive/tex/latex/natbib/natbib.sty
Package: natbib 2009/07/16 8.31 (PWD, AO)
\bibhang=\skip44
\bibsep=\skip45
LaTeX Info: Redefining \cite on input line 694.
\c@NAT@ctr=\count88
)
(/usr/share/texmf-texlive/tex/latex/amsmath/amsmath.sty
Package: amsmath 2000/07/18 v2.13 AMS math features
\@mathmargin=\skip46

For additional information on amsmath, use the `?' option.
(/usr/share/texmf-texlive/tex/latex/amsmath/amstext.sty
Package: amstext 2000/06/29 v2.01

(/usr/share/texmf-texlive/tex/latex/amsmath/amsgen.sty
File: amsgen.sty 1999/11/30 v2.0
\@emptytoks=\toks19
\ex@=\dimen106
))
(/usr/share/texmf-texlive/tex/latex/amsmath/amsbsy.sty
Package: amsbsy 1999/11/29 v1.2d
\pmbraise@=\dimen107
)
(/usr/share/texmf-texlive/tex/latex/amsmath/amsopn.sty
Package: amsopn 1999/12/14 v2.01 operator names
)
\inf@bad=\count89
LaTeX Info: Redefining \frac on input line 211.
\uproot@=\count90
\leftroot@=\count91
LaTeX Info: Redefining \overline on input line 307.
\classnum@=\count92
\DOTSCASE@=\count93
LaTeX Info: Redefining \ldots on input line 379.
LaTeX Info: Redefining \dots on input line 382.
LaTeX Info: Redefining \cdots on input line 467.
\Mathstrutbox@=\box26
\strutbox@=\box27
\big@size=\dimen108
LaTeX Font Info:    Redeclaring font encoding OML on input line 567.
LaTeX Font Info:    Redeclaring font encoding OMS on input line 568.
\macc@depth=\count94
\c@MaxMatrixCols=\count95
\dotsspace@=\muskip10
\c@parentequation=\count96
\dspbrk@lvl=\count97
\tag@help=\toks20
\row@=\count98
\column@=\count99
\maxfields@=\count100
\andhelp@=\toks21
\eqnshift@=\dimen109
\alignsep@=\dimen110
\tagshift@=\dimen111
\tagwidth@=\dimen112
\totwidth@=\dimen113
\lineht@=\dimen114
\@envbody=\toks22
\multlinegap=\skip47
\multlinetaggap=\skip48
\mathdisplay@stack=\toks23
LaTeX Info: Redefining \[ on input line 2666.
LaTeX Info: Redefining \] on input line 2667.
)
(/usr/share/texmf-texlive/tex/generic/babel/babel.sty
Package: babel 2008/07/06 v3.8l The Babel package

(/usr/share/texmf-texlive/tex/generic/babel/english.ldf
Language: english 2005/03/30 v3.3o English support from the babel system

(/usr/share/texmf-texlive/tex/generic/babel/babel.def
File: babel.def 2008/07/06 v3.8l Babel common definitions
\babel@savecnt=\count101
\U@D=\dimen115
)
\l@british = a dialect from \language\l@english 
\l@UKenglish = a dialect from \language\l@english 
\l@canadian = a dialect from \language\l@american 
\l@australian = a dialect from \language\l@british 
\l@newzealand = a dialect from \language\l@british 
))
(/usr/share/texmf-texlive/tex/latex/amsfonts/amssymb.sty
Package: amssymb 2009/06/22 v3.00

(/usr/share/texmf-texlive/tex/latex/amsfonts/amsfonts.sty
Package: amsfonts 2009/06/22 v3.00 Basic AMSFonts support
\symAMSa=\mathgroup4
\symAMSb=\mathgroup5
LaTeX Font Info:    Overwriting math alphabet `\mathfrak' in version `bold'
(Font)                  U/euf/m/n --> U/euf/b/n on input line 96.
))
(/usr/share/texmf-texlive/tex/latex/graphics/graphicx.sty
Package: graphicx 1999/02/16 v1.0f Enhanced LaTeX Graphics (DPC,SPQR)

(/usr/share/texmf-texlive/tex/latex/graphics/keyval.sty
Package: keyval 1999/03/16 v1.13 key=value parser (DPC)
\KV@toks@=\toks24
)
(/usr/share/texmf-texlive/tex/latex/graphics/graphics.sty
Package: graphics 2009/02/05 v1.0o Standard LaTeX Graphics (DPC,SPQR)

(/usr/share/texmf-texlive/tex/latex/graphics/trig.sty
Package: trig 1999/03/16 v1.09 sin cos tan (DPC)
)
(/etc/texmf/tex/latex/config/graphics.cfg
File: graphics.cfg 2009/08/28 v1.8 graphics configuration of TeX Live
)
Package graphics Info: Driver file: dvips.def on input line 91.
)
\Gin@req@height=\dimen116
\Gin@req@width=\dimen117
)
(/usr/share/texmf-texlive/tex/latex/subfigure/subfigure.sty
Package: subfigure 2002/03/15 v2.1.5 subfigure package
\subfigtopskip=\skip49
\subfigcapskip=\skip50
\subfigcaptopadj=\dimen118
\subfigbottomskip=\skip51
\subfigcapmargin=\dimen119
\subfiglabelskip=\skip52
\c@subfigure=\count102
\c@lofdepth=\count103
\c@subtable=\count104
\c@lotdepth=\count105

****************************************
* Local config file subfigure.cfg used *
****************************************
(/usr/share/texmf-texlive/tex/latex/subfigure/subfigure.cfg)
\subfig@top=\skip53
\subfig@bottom=\skip54
)
(/usr/share/texmf-texlive/tex/latex/listings/listings.sty
\lst@mode=\count106
\lst@gtempboxa=\box28
\lst@token=\toks25
\lst@length=\count107
\lst@currlwidth=\dimen120
\lst@column=\count108
\lst@pos=\count109
\lst@lostspace=\dimen121
\lst@width=\dimen122
\lst@newlines=\count110
\lst@lineno=\count111
\lst@maxwidth=\dimen123

(/usr/share/texmf-texlive/tex/latex/listings/lstmisc.sty
File: lstmisc.sty 2007/02/22 1.4 (Carsten Heinz)
\c@lstnumber=\count112
\lst@skipnumbers=\count113
\lst@framebox=\box29
)
(/usr/share/texmf-texlive/tex/latex/listings/listings.cfg
File: listings.cfg 2007/02/22 1.4 listings configuration
))
Package: listings 2007/02/22 1.4 (Carsten Heinz)

(/usr/share/texmf-texlive/tex/latex/nomencl/nomencl.sty
Package: nomencl 2005/09/22 v4.2 Nomenclature package (LN)
\nomlabelwidth=\dimen124
\nom@tempdim=\dimen125
\nomitemsep=\skip55
)
Package color Info: Redefining color blue on input line 20.

(/usr/share/texmf-texlive/tex/latex/ltxmisc/url.sty
\Urlmuskip=\muskip11
Package: url 2006/04/12  ver 3.3  Verb mode for urls, etc.
) (./MainBody.aux)
\openout1 = `MainBody.aux'.

LaTeX Font Info:    Checking defaults for OML/cmm/m/it on input line 36.
LaTeX Font Info:    ... okay on input line 36.
LaTeX Font Info:    Checking defaults for T1/cmr/m/n on input line 36.
LaTeX Font Info:    ... okay on input line 36.
LaTeX Font Info:    Checking defaults for OT1/cmr/m/n on input line 36.
LaTeX Font Info:    ... okay on input line 36.
LaTeX Font Info:    Checking defaults for OMS/cmsy/m/n on input line 36.
LaTeX Font Info:    ... okay on input line 36.
LaTeX Font Info:    Checking defaults for OMX/cmex/m/n on input line 36.
LaTeX Font Info:    ... okay on input line 36.
LaTeX Font Info:    Checking defaults for U/cmr/m/n on input line 36.
LaTeX Font Info:    ... okay on input line 36.
\c@lstlisting=\count114
\@nomenclaturefile=\write3
\openout3 = `MainBody.nlo'.


Writing nomenclature file MainBody.nlo
LaTeX Font Info:    Try loading font information for U+msa on input line 41.
(/usr/share/texmf-texlive/tex/latex/amsfonts/umsa.fd
File: umsa.fd 2009/06/22 v3.00 AMS symbols A
)
LaTeX Font Info:    Try loading font information for U+msb on input line 41.

(/usr/share/texmf-texlive/tex/latex/amsfonts/umsb.fd
File: umsb.fd 2009/06/22 v3.00 AMS symbols B
) [1


]
File: figures/UnivLogo.eps Graphic file (type eps)

<figures/UnivLogo.eps>
LaTeX Font Info:    Try loading font information for OMS+cmr on input line 70.
 (/usr/share/texmf-texlive/tex/latex/base/omscmr.fd
File: omscmr.fd 1999/05/25 v2.5h Standard LaTeX font definitions
)
LaTeX Font Info:    Font shape `OMS/cmr/m/n' in size <10> not available
(Font)              Font shape `OMS/cmsy/m/n' tried instead on input line 70.

[2] [3]
Underfull \hbox (badness 10000) in paragraph at lines 129--141

 []

[4]
Overfull \hbox (15.0pt too wide) in paragraph at lines 144--157
[]$[]$ 
 []

[5] [6

] (./MainBody.toc [7] [8] [9])
\tf@toc=\write4
\openout4 = `MainBody.toc'.

 [10] (./MainBody.lot)
\tf@lot=\write5
\openout5 = `MainBody.lot'.

 [11

] [12

]
(./MainBody.lof [13] [14])
\tf@lof=\write6
\openout6 = `MainBody.lof'.

 (./MainBody.nls [15] [16

]) [17] (./acknowledge.tex)
[18] (./publications.tex
Missing character: There is no √ in font cmr10!
Missing character: There is no © in font cmr10!
Missing character: There is no √ in font cmr10!
Missing character: There is no Æ in font cmr10!
Missing character: There is no √ in font cmr10!
Missing character: There is no ® in font cmr10!

Overfull \hbox (10.02734pt too wide) in paragraph at lines 16--20
[]\OT1/cmr/m/n/10 Kulvicius T, Kolodziejski C, Prodi P, Ta-mo-siu-naite M, Porr
 B and W^^?org^^?otter
 []

[19]) [20]
Chapter 1.
(./Introduction.tex
Missing character: There is no ‚ in font cmr10!
Missing character: There is no Ä in font cmr10!
Missing character: There is no ú in font cmr10!
Missing character: There is no ‚ in font cmr10!
Missing character: There is no Ä in font cmr10!
Missing character: There is no ù in font cmr10!

Underfull \vbox (badness 1189) has occurred while \output is active []

 [21

]
[22]
File: figures/overview-1.eps Graphic file (type eps)
 <figures/overview-1.eps>
File: figures/overview-2.eps Graphic file (type eps)
 <figures/overview-2.eps> [23] [24]) [25] [26

]
Chapter 2.
(./review_Sociology.tex
Overfull \hbox (1.94511pt too wide) in paragraph at lines 13--15
[]\OT1/cmr/m/n/10 Thomas (1651) at-tributed the gen-er-a-tion to a pow-er-ful s
tate, the Leviathan 
 []

[27] [28]
File: figures/autopoiesis/neuralfeedback.eps Graphic file (type eps)
 <figures/autopoiesis/neuralfeedback.eps>
File: figures/autopoiesis/maturanabiology.eps Graphic file (type eps)

<figures/autopoiesis/maturanabiology.eps> [29] [30]
File: figures/autopoiesis/general.eps Graphic file (type eps)

<figures/autopoiesis/general.eps>
File: figures/neural/closedloop-1.eps Graphic file (type eps)
 <figures/neural/closedloop-1.eps> [31]
File: figures/neural/closedloop-2.eps Graphic file (type eps)

<figures/neural/closedloop-2.eps> [32]
Missing character: There is no Ô in font cmr10!
Missing character: There is no ¨ in font cmr10!
Missing character: There is no Ç in font cmr10!
File: figures/neural/closedloop-3.eps Graphic file (type eps)
 <figures/neural/closedloop-3.eps>
Missing character: There is no Ô in font cmr10!
Missing character: There is no ¨ in font cmr10!
Missing character: There is no Ç in font cmr10!
Missing character: There is no Ô in font cmr10!
Missing character: There is no ¨ in font cmr10!
Missing character: There is no Ç in font cmr10!

Underfull \vbox (badness 1308) has occurred while \output is active []

 [33]
File: figures/neural/closedloop-4.eps Graphic file (type eps)

<figures/neural/closedloop-4.eps>
Missing character: There is no ¬ in font cmr10!
Missing character: There is no † in font cmr10!
 [34] [35]
File: figures/vehicles/Braitenberg-1.eps Graphic file (type eps)

<figures/vehicles/Braitenberg-1.eps>
File: figures/vehicles/Braitenberg-2.eps Graphic file (type eps)
 <figures/vehicles/Braitenberg-2.eps>
File: figures/autopoiesis/elements.eps Graphic file (type eps)

<figures/autopoiesis/elements.eps> [36] [37] [38]
File: figures/autopoiesis/dialogexample.eps Graphic file (type eps)

<figures/autopoiesis/dialogexample.eps>
Missing character: There is no ‚ in font cmr10!
Missing character: There is no Ä in font cmr10!
Missing character: There is no ú in font cmr10!
Missing character: There is no ‚ in font cmr10!
Missing character: There is no Ä in font cmr10!
Missing character: There is no ù in font cmr10!
 [39]
Overfull \hbox (6.584pt too wide) in paragraph at lines 496--502
[]\OT1/cmr/m/n/10 Luhmann solves the prob-lem of dou-ble con-tin-gency by us-in
g a self-organisation
 []

File: figures/autopoiesis/expectations.eps Graphic file (type eps)
<figures/autopoiesis/expectations.eps> [40] [41] [42]) (./review_AbmComplex.tex
[43] [44]) (./review_InfoTheory.tex
Overfull \hbox (6.49632pt too wide) in paragraph at lines 2--2
[]\OT1/cmr/bx/n/14.4 Information the-ory for closed loop con-trollers
 []

[45]
File: figures/maxcorr/InfoAgentTheory-2.eps Graphic file (type eps)
 <figures/maxcorr/InfoAgentTheory-2.eps> [46]
File: figures/maxcorr/InfoAgentTheory-4.eps Graphic file (type eps)

<figures/maxcorr/InfoAgentTheory-4.eps>
File: figures/maxcorr/InfoAgentTheory-3.eps Graphic file (type eps)

<figures/maxcorr/InfoAgentTheory-3.eps> [47]
File: figures/ashby/figure-2.eps Graphic file (type eps)
 <figures/ashby/figure-2.eps>
File: figures/ashby/figure-4.eps Graphic file (type eps)

<figures/ashby/figure-4.eps> [48] [49]
File: figures/conclusion/polani2008.eps Graphic file (type eps)
 <figures/conclusion/polani2008.eps>
File: figures/conclusion/LungarellaVisualTask.eps Graphic file (type eps)

<figures/conclusion/LungarellaVisualTask.eps>
File: figures/conclusion/ay2008.eps Graphic file (type eps)
 <figures/conclusion/ay2008.eps>
[50] [51]
File: figures/ashby/figure-1.eps Graphic file (type eps)
 <figures/ashby/figure-1.eps> [52]
File: figures/ashby/figure-3.eps Graphic file (type eps)
 <figures/ashby/figure-3.eps>
Underfull \vbox (badness 10000) has occurred while \output is active []

 [53]
Underfull \vbox (badness 7631) has occurred while \output is active []

 [54]
[55]) [56]
Chapter 3.
(./work_SocialAdaptation.tex
Underfull \vbox (badness 10000) has occurred while \output is active []

 [57

]
File: figures/socialadapt/RobotScenario.eps Graphic file (type eps)

<figures/socialadapt/RobotScenario.eps>
File: figures/socialadapt/ico.eps Graphic file (type eps)
 <figures/socialadapt/ico.eps>
Underfull \vbox (badness 4995) has occurred while \output is active []

 [58]
Overfull \hbox (1.43027pt too wide) has occurred while \output is active
\OT1/cmr/m/sl/10 3.1.  INTRODUCTION: SOCIAL MODELLING OF ARTIFICIAL AGENTS  \OT
1/cmr/m/n/10 59
 []

[59] [60]
File: figures/socialadapt/avoidance.eps Graphic file (type eps)
 <figures/socialadapt/avoidance.eps>
Overfull \hbox (1.43027pt too wide) has occurred while \output is active
\OT1/cmr/m/sl/10 3.1.  INTRODUCTION: SOCIAL MODELLING OF ARTIFICIAL AGENTS  \OT
1/cmr/m/n/10 61
 []

[61]
File: figures/socialadapt/hungersatshift.eps Graphic file (type eps)
 <figures/socialadapt/hungersatshift.eps> [62]
Overfull \hbox (3.00412pt too wide) in paragraph at lines 291--295
\OT1/cmr/m/n/10 Agent $\OML/cmm/m/it/10 a[]\OT1/cmr/m/n/10 (\OML/cmm/m/it/10 t\
OT1/cmr/m/n/10 )$ senses $\OML/cmm/m/it/10 G[]$ \OT1/cmr/m/n/10 (see Fig.3.1[] 
(f)) with 2 re-flex-ive in-puts $\OML/cmm/m/it/10 sated[]\OT1/cmr/m/n/10 (\OML/
cmm/m/it/10 t\OT1/cmr/m/n/10 )$
 []


Overfull \hbox (1.43027pt too wide) has occurred while \output is active
\OT1/cmr/m/sl/10 3.1.  INTRODUCTION: SOCIAL MODELLING OF ARTIFICIAL AGENTS  \OT
1/cmr/m/n/10 63
 []

[63]
File: figures/socialadapt/attractionAgent.eps Graphic file (type eps)
 <figures/socialadapt/attractionAgent.eps> [64]
File: figures/socialadapt/attractionFood.eps Graphic file (type eps)

<figures/socialadapt/attractionFood.eps>
Underfull \vbox (badness 2359) has occurred while \output is active []


Overfull \hbox (1.43027pt too wide) has occurred while \output is active
\OT1/cmr/m/sl/10 3.1.  INTRODUCTION: SOCIAL MODELLING OF ARTIFICIAL AGENTS  \OT
1/cmr/m/n/10 65
 []

[65] [66]
File: figures/socialadapt/ControllerSummary.eps Graphic file (type eps)
 <figures/socialadapt/ControllerSummary.eps>
Overfull \hbox (1.43027pt too wide) has occurred while \output is active
\OT1/cmr/m/sl/10 3.1.  INTRODUCTION: SOCIAL MODELLING OF ARTIFICIAL AGENTS  \OT
1/cmr/m/n/10 67
 []

[67] [68]
File: figures/socialadapt/nosignal/comm20TO4.eps Graphic file (type eps)
 <figures/socialadapt/nosignal/comm20TO4.eps>
File: figures/socialadapt/nosignal/comm20TO18.eps Graphic file (type eps)

<figures/socialadapt/nosignal/comm20TO18.eps>
File: figures/socialadapt/honest/comm20TO4.eps Graphic file (type eps)

<figures/socialadapt/honest/comm20TO4.eps>
File: figures/socialadapt/honest/comm20TO18.eps Graphic file (type eps)

<figures/socialadapt/honest/comm20TO18.eps>
File: figures/socialadapt/deceptive/comm20TO4.eps Graphic file (type eps)

<figures/socialadapt/deceptive/comm20TO4.eps>
File: figures/socialadapt/deceptive/comm20TO18.eps Graphic file (type eps)

<figures/socialadapt/deceptive/comm20TO18.eps>
Overfull \hbox (1.43027pt too wide) has occurred while \output is active
\OT1/cmr/m/sl/10 3.1.  INTRODUCTION: SOCIAL MODELLING OF ARTIFICIAL AGENTS  \OT
1/cmr/m/n/10 69
 []

[69] [70]
Overfull \hbox (1.43027pt too wide) has occurred while \output is active
\OT1/cmr/m/sl/10 3.1.  INTRODUCTION: SOCIAL MODELLING OF ARTIFICIAL AGENTS  \OT
1/cmr/m/n/10 71
 []

[71] [72]
File: figures/socialadapt/foraging1.eps Graphic file (type eps)
 <figures/socialadapt/foraging1.eps>
Overfull \hbox (1.43027pt too wide) has occurred while \output is active
\OT1/cmr/m/sl/10 3.1.  INTRODUCTION: SOCIAL MODELLING OF ARTIFICIAL AGENTS  \OT
1/cmr/m/n/10 73
 []

[73] [74]
File: figures/socialadapt/20to4.eps Graphic file (type eps)
 <figures/socialadapt/20to4.eps>
File: figures/socialadapt/20to18.eps Graphic file (type eps)
 <figures/socialadapt/20to18.eps>
Overfull \hbox (1.43027pt too wide) has occurred while \output is active
\OT1/cmr/m/sl/10 3.1.  INTRODUCTION: SOCIAL MODELLING OF ARTIFICIAL AGENTS  \OT
1/cmr/m/n/10 75
 []

[75]
File: figures/socialadapt/limited/20to4.eps Graphic file (type eps)
 <figures/socialadapt/limited/20to4.eps>
File: figures/socialadapt/limited/20to18.eps Graphic file (type eps)

<figures/socialadapt/limited/20to18.eps> [76]
File: figures/socialadapt/limited/agent4more.eps Graphic file (type eps)

<figures/socialadapt/limited/agent4more.eps>
Overfull \hbox (8.24036pt too wide) in paragraph at lines 915--915
[]\OT1/cmr/bx/n/12 Discussion: sub sys-tem for-ma-tion in the so-cial model 
 []


Overfull \hbox (1.43027pt too wide) has occurred while \output is active
\OT1/cmr/m/sl/10 3.1.  INTRODUCTION: SOCIAL MODELLING OF ARTIFICIAL AGENTS  \OT
1/cmr/m/n/10 77
 []

[77] [78]) (./work_InputCorrelationMeasure.tex
Overfull \hbox (11.61296pt too wide) in paragraph at lines 1--1
[]\OT1/cmr/bx/n/14.4 An in-put based in-for-ma-tion mea-sure for adap-
 []


Underfull \vbox (badness 10000) has occurred while \output is active []


Overfull \hbox (1.43027pt too wide) has occurred while \output is active
\OT1/cmr/m/sl/10 3.1.  INTRODUCTION: SOCIAL MODELLING OF ARTIFICIAL AGENTS  \OT
1/cmr/m/n/10 79
 []

[79]
Underfull \vbox (badness 3769) has occurred while \output is active []

 [80]
Overfull \hbox (64.48265pt too wide) has occurred while \output is active
\OT1/cmr/m/sl/10 3.2.  AN INPUT BASED INFORMATION MEASURE FOR ADAPTIVE CONTROLL
ERS  \OT1/cmr/m/n/10 81
 []

[81]
File: figures/infomeasure/avoidance.eps Graphic file (type eps)
 <figures/infomeasure/avoidance.eps> [82]
Overfull \hbox (64.48265pt too wide) has occurred while \output is active
\OT1/cmr/m/sl/10 3.2.  AN INPUT BASED INFORMATION MEASURE FOR ADAPTIVE CONTROLL
ERS  \OT1/cmr/m/n/10 83
 []

[83] [84]
File: figures/infomeasure/simple/simplemodel.eps Graphic file (type eps)
 <figures/infomeasure/simple/simplemodel.eps>
File: figures/infomeasure/simple/temporalsignal.eps Graphic file (type eps)

<figures/infomeasure/simple/temporalsignal.eps>
Overfull \hbox (64.48265pt too wide) has occurred while \output is active
\OT1/cmr/m/sl/10 3.2.  AN INPUT BASED INFORMATION MEASURE FOR ADAPTIVE CONTROLL
ERS  \OT1/cmr/m/n/10 85
 []

[85] [86]
Overfull \hbox (64.48265pt too wide) has occurred while \output is active
\OT1/cmr/m/sl/10 3.2.  AN INPUT BASED INFORMATION MEASURE FOR ADAPTIVE CONTROLL
ERS  \OT1/cmr/m/n/10 87
 []

[87]
File: figures/infomeasure/maxcorr_nolearn.eps Graphic file (type eps)
 <figures/infomeasure/maxcorr_nolearn.eps>
Overfull \hbox (5.07741pt too wide) in paragraph at lines 391--393
[]\OT1/cmr/m/n/10 Fig.3.17[](b) con-tains the $\OML/cmm/m/it/10 E\OT1/cmr/m/n/1
0 (\OML/cmm/m/it/10 xcorr[]\OT1/cmr/m/n/10 (\OML/cmm/m/it/10 k\OT1/cmr/m/n/10 )
\OML/cmm/m/it/10 ; E\OT1/cmr/m/n/10 (\OML/cmm/m/it/10 xcorr[]\OT1/cmr/m/n/10 (\
OML/cmm/m/it/10 k\OT1/cmr/m/n/10 ))$ in the up-per panel
 []


Overfull \hbox (5.07741pt too wide) in paragraph at lines 393--395
[]\OT1/cmr/m/n/10 Fig.3.17[](d) con-tains the $\OML/cmm/m/it/10 E\OT1/cmr/m/n/1
0 (\OML/cmm/m/it/10 xcorr[]\OT1/cmr/m/n/10 (\OML/cmm/m/it/10 k\OT1/cmr/m/n/10 )
\OML/cmm/m/it/10 ; E\OT1/cmr/m/n/10 (\OML/cmm/m/it/10 xcorr[]\OT1/cmr/m/n/10 (\
OML/cmm/m/it/10 k\OT1/cmr/m/n/10 ))$ in the up-per panel
 []

[88]
Underfull \vbox (badness 2229) has occurred while \output is active []


Overfull \hbox (64.48265pt too wide) has occurred while \output is active
\OT1/cmr/m/sl/10 3.2.  AN INPUT BASED INFORMATION MEASURE FOR ADAPTIVE CONTROLL
ERS  \OT1/cmr/m/n/10 89
 []

[89]
File: figures/infomeasure/N2/maxcorr_N=0_w=600.eps Graphic file (type eps)
 <figures/infomeasure/N2/maxcorr_N=0_w=600.eps>
Underfull \hbox (badness 2119) in paragraph at lines 423--423
\OT1/cmr/m/n/8 for left (straight) and right (dashed)
 []

File: figures/infomeasure/N2/power_xcorr_N=0_w=600.eps Graphic file (type eps)
<figures/infomeasure/N2/power_xcorr_N=0_w=600.eps>
Underfull \hbox (badness 10000) in paragraph at lines 426--426
[]\OT1/cmr/m/n/8 (b) En-ergy $\OML/cmm/m/it/8 E\OT1/cmr/m/n/8 (\OML/cmm/m/it/8 
xcorr[]\OT1/cmr/m/n/8 (\OML/cmm/m/it/8 k\OT1/cmr/m/n/8 ))$ for left
 []

File: figures/infomeasure/N2/maxcorr_N=1_w=600.eps Graphic file (type eps)
<figures/infomeasure/N2/maxcorr_N=1_w=600.eps>
Underfull \hbox (badness 2119) in paragraph at lines 428--428
\OT1/cmr/m/n/8 for left (straight) and right (dashed)
 []

File: figures/infomeasure/N2/power_xcorr_N=1_w=600.eps Graphic file (type eps)
<figures/infomeasure/N2/power_xcorr_N=1_w=600.eps>
Underfull \hbox (badness 10000) in paragraph at lines 431--431
[]\OT1/cmr/m/n/8 (d) En-ergy $\OML/cmm/m/it/8 E\OT1/cmr/m/n/8 (\OML/cmm/m/it/8 
xcorr[]\OT1/cmr/m/n/8 (\OML/cmm/m/it/8 k\OT1/cmr/m/n/8 ))$ for left
 []

File: figures/infomeasure/N4/maxcorr_N=0_w=600.eps Graphic file (type eps)
<figures/infomeasure/N4/maxcorr_N=0_w=600.eps>
File: figures/infomeasure/N4/power_xcorr_N=0_w=600.eps Graphic file (type eps)

<figures/infomeasure/N4/power_xcorr_N=0_w=600.eps>
File: figures/infomeasure/N4/maxcorr_N=1_w=600.eps Graphic file (type eps)

<figures/infomeasure/N4/maxcorr_N=1_w=600.eps>
Underfull \hbox (badness 2426) in paragraph at lines 451--451
\OT1/cmr/m/n/8 for left (straight) and right (dashed)
 []

File: figures/infomeasure/N4/power_xcorr_N=1_w=600.eps Graphic file (type eps)
<figures/infomeasure/N4/power_xcorr_N=1_w=600.eps>
Underfull \hbox (badness 10000) in paragraph at lines 454--454
[]\OT1/cmr/m/n/8 (d) En-ergy $\OML/cmm/m/it/8 E\OT1/cmr/m/n/8 (\OML/cmm/m/it/8 
xcorr[]\OT1/cmr/m/n/8 (\OML/cmm/m/it/8 k\OT1/cmr/m/n/8 ))$ for left
 []

File: figures/infomeasure/N4/maxcorr_N=2_w=600.eps Graphic file (type eps)
<figures/infomeasure/N4/maxcorr_N=2_w=600.eps>
Underfull \hbox (badness 2119) in paragraph at lines 466--466
\OT1/cmr/m/n/8 for left (straight) and right (dashed)
 []

File: figures/infomeasure/N4/power_xcorr_N=2_w=600.eps Graphic file (type eps)
<figures/infomeasure/N4/power_xcorr_N=2_w=600.eps>
File: figures/infomeasure/N4/maxcorr_N=3_w=600.eps Graphic file (type eps)

<figures/infomeasure/N4/maxcorr_N=3_w=600.eps>
Underfull \hbox (badness 2119) in paragraph at lines 471--471
\OT1/cmr/m/n/8 for left (straight) and right (dashed)
 []

File: figures/infomeasure/N4/power_xcorr_N=3_w=600.eps Graphic file (type eps)
<figures/infomeasure/N4/power_xcorr_N=3_w=600.eps>
Underfull \hbox (badness 10000) in paragraph at lines 474--474
[]\OT1/cmr/m/n/8 (d) En-ergy $\OML/cmm/m/it/8 E\OT1/cmr/m/n/8 (\OML/cmm/m/it/8 
xcorr[]\OT1/cmr/m/n/8 (\OML/cmm/m/it/8 k\OT1/cmr/m/n/8 ))$ for left
 []

[90]
Overfull \hbox (64.48265pt too wide) has occurred while \output is active
\OT1/cmr/m/sl/10 3.2.  AN INPUT BASED INFORMATION MEASURE FOR ADAPTIVE CONTROLL
ERS  \OT1/cmr/m/n/10 91
 []

[91] [92]
Overfull \hbox (5.5465pt too wide) in paragraph at lines 493--499
\OT1/cmr/m/n/10 0$. But there are ex-cep-tions like cases in Fig.3.18(d)[],3.19
(d)[] where $\OML/cmm/m/it/10 E\OT1/cmr/m/n/10 (\OML/cmm/m/it/10 xcorr[]\OT1/cm
r/m/n/10 (\OML/cmm/m/it/10 k\OT1/cmr/m/n/10 )) []
 []

File: figures/infomeasure/agentvariation.eps Graphic file (type eps)
<figures/infomeasure/agentvariation.eps>
Overfull \hbox (64.48265pt too wide) has occurred while \output is active
\OT1/cmr/m/sl/10 3.2.  AN INPUT BASED INFORMATION MEASURE FOR ADAPTIVE CONTROLL
ERS  \OT1/cmr/m/n/10 93
 []

[93]
File: figures/infomeasure/simple/infoapplication.eps Graphic file (type eps)
 <figures/infomeasure/simple/infoapplication.eps> [94]
Overfull \hbox (64.48265pt too wide) has occurred while \output is active
\OT1/cmr/m/sl/10 3.2.  AN INPUT BASED INFORMATION MEASURE FOR ADAPTIVE CONTROLL
ERS  \OT1/cmr/m/n/10 95
 []

[95]
File: figures/infomeasure/simple/socialmeasure.eps Graphic file (type eps)
 <figures/infomeasure/simple/socialmeasure.eps>
File: figures/infomeasure/LearningDifferentiation.eps Graphic file (type eps)

<figures/infomeasure/LearningDifferentiation.eps>
Underfull \vbox (badness 1584) has occurred while \output is active []

 [96]
Overfull \hbox (64.48265pt too wide) has occurred while \output is active
\OT1/cmr/m/sl/10 3.2.  AN INPUT BASED INFORMATION MEASURE FOR ADAPTIVE CONTROLL
ERS  \OT1/cmr/m/n/10 97
 []

[97] [98]) (./work_InfoFlowClosedLoop.tex
Missing character: There is no ‚ in font cmr10!
Missing character: There is no Ä in font cmr10!
Missing character: There is no ô in font cmr10!

Overfull \hbox (64.48265pt too wide) has occurred while \output is active
\OT1/cmr/m/sl/10 3.2.  AN INPUT BASED INFORMATION MEASURE FOR ADAPTIVE CONTROLL
ERS  \OT1/cmr/m/n/10 99
 []

[99] [100] [101]
File: figures/lawvariety/lawvariety1_fonts.eps Graphic file (type eps)
 <figures/lawvariety/lawvariety1_fonts.eps> [102] [103]
[104] [105]
File: figures/lawvariety/controller_fonts.eps Graphic file (type eps)
 <figures/lawvariety/controller_fonts.eps> [106] [107]
Overfull \hbox (9.97304pt too wide) in paragraph at lines 398--401
\OT1/cmr/m/n/10 output loop dom-i-nates the reflex-output loop for both be-havi
ours as in Fig.3.26[](B),
 []

File: figures/lawvariety/allpanel.eps Graphic file (type eps)
<figures/lawvariety/allpanel.eps>

LaTeX Warning: Float too large for page by 119.24394pt on input line 439.

File: figures/lawvariety/percentage.eps Graphic file (type eps)
<figures/lawvariety/percentage.eps> [108] [109] [110]) (./work_QLearning.tex
Overfull \hbox (1.49115pt too wide) in paragraph at lines 1--1
[]\OT1/cmr/bx/n/14.4 Introduction: in-for-ma-tion flow in Q-learning
 []

[111] [112] [113] [114]
File: figures/qlearning/Q-Learning-Robot.eps Graphic file (type eps)
 <figures/qlearning/Q-Learning-Robot.eps>
File: figures/qlearning/robotreflexsim1.eps Graphic file (type eps)

<figures/qlearning/robotreflexsim1.eps> [115] [116] [117] [118])
(./work_PredictivePerformance.tex [119]
File: figures/ppmeasure/1.eps Graphic file (type eps)
 <figures/ppmeasure/1.eps> [120]
File: figures/ppmeasure/2.eps Graphic file (type eps)

<figures/ppmeasure/2.eps> [121] [122] [123]
Overfull \hbox (18.7309pt too wide) in paragraph at lines 280--283
[]\OT1/cmr/m/n/10 the sym-bols of the ran-dom vari-able are in-di-cated by the 
set $\OML/cmm/m/it/10 X \OT1/cmr/m/n/10 = \OMS/cmsy/m/n/10 f\OML/cmm/m/it/10 x[
]; x[]; :::; x[]\OMS/cmsy/m/n/10 g$
 []

[124] [125] [126] [127] [128]
File: figures/ppmeasure/3.eps Graphic file (type eps)
 <figures/ppmeasure/3.eps> [129]
Underfull \hbox (badness 10000) in paragraph at lines 581--594

 []

File: figures/ppmeasure/4.eps Graphic file (type eps)
<figures/ppmeasure/4.eps> [130] [131] [132] [133] [134]
File: figures/ppmeasure/5.eps Graphic file (type eps)

<figures/ppmeasure/5.eps>
Missing character: There is no Ô in font cmr10!
Missing character: There is no ¨ in font cmr10!
Missing character: There is no Ç in font cmr10!
 [135]
File: figures/ppmeasure/6.eps Graphic file (type eps)
 <figures/ppmeasure/6.eps>
Missing character: There is no ‚ in font cmr10!
Missing character: There is no Ä in font cmr10!
Missing character: There is no ô in font cmr10!
Missing character: There is no Ô in font cmr10!
Missing character: There is no ¨ in font cmr10!
Missing character: There is no Ç in font cmr10!
Missing character: There is no ‚ in font cmr10!
Missing character: There is no Ä in font cmr10!
Missing character: There is no ô in font cmr10!
 [136]
File: figures/ppmeasure/7.eps Graphic file (type eps)

<figures/ppmeasure/7.eps>
Missing character: There is no Ô in font cmr10!
Missing character: There is no ¨ in font cmr10!
Missing character: There is no Ç in font cmr10!
Missing character: There is no Ô in font cmr10!
Missing character: There is no ¨ in font cmr10!
Missing character: There is no Ç in font cmr10!
Missing character: There is no Ô in font cmr10!
Missing character: There is no ¨ in font cmr10!
Missing character: There is no Ç in font cmr10!
Missing character: There is no Ô in font cmr10!
Missing character: There is no ¨ in font cmr10!
Missing character: There is no Ç in font cmr10!
Missing character: There is no Ô in font cmr10!
Missing character: There is no ¨ in font cmr10!
Missing character: There is no Ç in font cmr10!
 [137]
File: figures/ppmeasure/8.eps Graphic file (type eps)
 <figures/ppmeasure/8.eps>
File: figures/ppmeasure/9.eps Graphic file (type eps)

<figures/ppmeasure/9.eps> [138] [139] [140]
Overfull \hbox (16.85472pt too wide) in paragraph at lines 1037--1040
\OT1/cmr/m/n/10 agents num-bered 7 and 3 have an equal per-for-mance as agents 
9,2 $\OML/cmm/m/it/10 PP[]\OT1/cmr/m/n/10 (\OML/cmm/m/it/10 Af\OT1/cmr/m/n/10 )
 \OMS/cmsy/m/n/10 '
 []


Overfull \hbox (4.81995pt too wide) in paragraph at lines 1040--1044
\OT1/cmr/m/n/10 agents num-bered 6 and 5 have a dif-fer-ent per-for-mance $\OML
/cmm/m/it/10 PP[]\OT1/cmr/m/n/10 (\OML/cmm/m/it/10 Af\OT1/cmr/m/n/10 ) \OML/cmm
/m/it/10 > PP[]\OT1/cmr/m/n/10 (\OML/cmm/m/it/10 Af\OT1/cmr/m/n/10 )$
 []


Overfull \hbox (9.20883pt too wide) in paragraph at lines 1044--1047
\OT1/cmr/m/n/10 agents num-bered 5 and 9 have an equal per-for-mance $\OML/cmm/
m/it/10 PP[]\OT1/cmr/m/n/10 (\OML/cmm/m/it/10 Af\OT1/cmr/m/n/10 ) \OMS/cmsy/m/n
/10 ' \OML/cmm/m/it/10 PP[]\OT1/cmr/m/n/10 (\OML/cmm/m/it/10 Fo\OT1/cmr/m/n/10 
)$
 []

File: figures/ppmeasure/social/row1.eps Graphic file (type eps)
<figures/ppmeasure/social/row1.eps>
Overfull \hbox (6.66666pt too wide) in paragraph at lines 1069--1069
 [] 
 []

File: figures/ppmeasure/social/row2.eps Graphic file (type eps)
<figures/ppmeasure/social/row2.eps>
Overfull \hbox (6.66666pt too wide) in paragraph at lines 1073--1073
 [][] 
 []

File: figures/ppmeasure/social/row3.eps Graphic file (type eps)
<figures/ppmeasure/social/row3.eps>
Overfull \hbox (6.66666pt too wide) in paragraph at lines 1077--1078
 [][] 
 []

Missing character: There is no ‚ in font cmr10!
Missing character: There is no Ä in font cmr10!
Missing character: There is no ú in font cmr10!
Missing character: There is no ‚ in font cmr10!
Missing character: There is no Ä in font cmr10!
Missing character: There is no ù in font cmr10!
[141] [142] [143]
Missing character: There is no √ in font cmr10!
Missing character: There is no § in font cmr10!
Missing character: There is no √ in font cmr10!
Missing character: There is no ∂ in font cmr10!
 [144]) [145] [146

]
Chapter 4.
(./Conclusion.tex
Underfull \vbox (badness 1189) has occurred while \output is active []

 [147]
[148] [149]
File: figures/conclusion/Ritualization-3.eps Graphic file (type eps)
 <figures/conclusion/Ritualization-3.eps>
(./conclusion_linguistic.tex [150] [151]
Missing character: There is no ‚ in font cmr10!
Missing character: There is no Ä in font cmr10!
Missing character: There is no ú in font cmr10!
Missing character: There is no ‚ in font cmr10!
Missing character: There is no Ä in font cmr10!
Missing character: There is no ù in font cmr10!
Missing character: There is no ‚ in font cmr10!
Missing character: There is no Ä in font cmr10!
Missing character: There is no ú in font cmr10!
Missing character: There is no ‚ in font cmr10!
Missing character: There is no Ä in font cmr10!
Missing character: There is no ù in font cmr10!
 [152]
File: figures/autopoiesis/languageModel.eps Graphic file (type eps)

<figures/autopoiesis/languageModel.eps> [153]
File: figures/Telepathy.eps Graphic file (type eps)
 <figures/Telepathy.eps>
Underfull \vbox (badness 5161) has occurred while \output is active []

 [154]
[155] [156]) [157]
Missing character: There is no √ in font cmr10!
Missing character: There is no à in font cmr10!
 [158] [159]
Missing character: There is no ‚ in font cmr10!
Missing character: There is no Ä in font cmr10!
Missing character: There is no ú in font cmr10!
Missing character: There is no ‚ in font cmr10!
Missing character: There is no Ä in font cmr10!
Missing character: There is no ù in font cmr10!
 [160] [161] [162]
Overfull \hbox (0.68752pt too wide) in alignment at lines 478--481
 [][][] []
 []

[163] [164] [165] [166]
Underfull \hbox (badness 10000) in paragraph at lines 637--647

 []


Underfull \vbox (badness 1038) has occurred while \output is active []

 [167]
Underfull \hbox (badness 10000) in paragraph at lines 698--702

 []

[168]
Underfull \hbox (badness 10000) in paragraph at lines 782--791

 []

[169]) [170] [171] [172

]
Chapter 5.
(./appendix_learning.tex
File: figures/socialadapt/ico.eps Graphic file (type eps)
 <figures/socialadapt/ico.eps> [173]
File: figures/infomeasure/Qinf.eps Graphic file (type eps)

<figures/infomeasure/Qinf.eps>
File: figures/infomeasure/Qzero.eps Graphic file (type eps)
 <figures/infomeasure/Qzero.eps>)
(./appendix_simulation.tex [174]
Overfull \hbox (10.52701pt too wide) in paragraph at lines 35--39
[]\OT1/cmr/m/n/10 2 cir-cu-lar RGB cam-eras $\OML/cmm/m/it/10 ccam[]$ \OT1/cmr/
m/n/10 with a vis-i-bil-ity range of $\OML/cmm/m/it/10 range[] \OT1/cmr/m/n/10 
=
 []


Overfull \hbox (29.09357pt too wide) in paragraph at lines 39--43
[]\OT1/cmr/m/n/10 2 cir-cu-lar RGB camers $\OML/cmm/m/it/10 ccam[]$ \OT1/cmr/m/
n/10 with a vis-i-bil-ity range of $\OML/cmm/m/it/10 range[] \OT1/cmr/m/n/10 =
 []

[175]
Missing character: There is no √ in font cmr8!
Missing character: There is no ® in font cmr8!
Missing character: There is no √ in font cmr8!
Missing character: There is no ® in font cmr8!

Overfull \hbox (25.78766pt too wide) in paragraph at lines 60--61
[]\OT1/cmr/m/n/10 the food place's colour for the lim-ited case is:$\OML/cmm/m/
it/10 color\OT1/cmr/m/n/10 (\OML/cmm/m/it/10 food[]\OT1/cmr/m/n/10 ) =\OML/cmm/
m/it/10 < \OT1/cmr/m/n/10 0\OML/cmm/m/it/10 :\OT1/cmr/m/n/10 0\OML/cmm/m/it/10 
; \OT1/cmr/m/n/10 1\OML/cmm/m/it/10 :\OT1/cmr/m/n/10 0\OML/cmm/m/it/10 ; q\OT1/
cmr/m/n/10 (\OML/cmm/m/it/10 t\OT1/cmr/m/n/10 ) \OML/cmm/m/it/10 >$
 []

[176] [177] [178]
LaTeX Font Info:    Font shape `OMS/cmr/m/n' in size <9> not available
(Font)              Font shape `OMS/cmsy/m/n' tried instead on input line 167.

Overfull \hbox (49.0513pt too wide) in paragraph at lines 171--172
[][][][][][][][][][][][][][][][][][][][][][][][][][] 
 []

LaTeX Font Info:    Try loading font information for OML+cmr on input line 172.

(/usr/share/texmf-texlive/tex/latex/base/omlcmr.fd
File: omlcmr.fd 1999/05/25 v2.5h Standard LaTeX font definitions
)
LaTeX Font Info:    Font shape `OML/cmr/m/n' in size <9> not available
(Font)              Font shape `OML/cmm/m/it' tried instead on input line 172.

Overfull \hbox (15.75119pt too wide) in paragraph at lines 178--179
[][][][][][][][][][][][][][][][][][][][][] 
 []


Overfull \hbox (10.20117pt too wide) in paragraph at lines 179--180
[][][][][][][][][][][][][] 
 []


Overfull \hbox (10.20117pt too wide) in paragraph at lines 188--189
[][][][][][][][][][][][][][][][][][][][][][][][][][][] 
 []


Overfull \hbox (49.0513pt too wide) in paragraph at lines 189--190
[][][][][][][][][][][][][][][][][][][][][] 
 []


Overfull \hbox (32.40125pt too wide) in paragraph at lines 192--193
[][][][][][][][][][][][][][][][][][][][][][][][] 
 []


Overfull \hbox (10.20117pt too wide) in paragraph at lines 193--194
[][][][][][][][][][][][][][][][][][][][][][][][] 
 []


Overfull \hbox (49.0513pt too wide) in paragraph at lines 208--210
[][][][][][][][][][][][][][][][][][][][][][][] 
 []

[179]
Overfull \hbox (60.15134pt too wide) in paragraph at lines 211--213
[][][][][][][][][][][][][][][][][][][][][][][] 
 []


Overfull \hbox (15.75119pt too wide) in paragraph at lines 214--215
[][][][][][][][][][][][][][][][][][] 
 []


Overfull \hbox (10.20117pt too wide) in paragraph at lines 221--222
[][][][][][][][][][][][][][][][][] 
 []

File: figures/socialadapt/simulator/begin.eps Graphic file (type eps)
<figures/socialadapt/simulator/begin.eps>
File: figures/socialadapt/simulator/limited.eps Graphic file (type eps)

<figures/socialadapt/simulator/limited.eps>) (./appendix_parallelsimulation.tex
(/usr/share/texmf-texlive/tex/latex/listings/lstlang1.sty
File: lstlang1.sty 2004/09/05 1.3 listings language file
)
(/usr/share/texmf-texlive/tex/latex/listings/lstlang1.sty
File: lstlang1.sty 2004/09/05 1.3 listings language file
)
(/usr/share/texmf-texlive/tex/latex/listings/lstmisc.sty
File: lstmisc.sty 2007/02/22 1.4 (Carsten Heinz)
) [180]
File: figures/OpenMP/vonNeumann.eps Graphic file (type eps)

<figures/OpenMP/vonNeumann.eps>
File: figures/OpenMP/serialProblem.eps Graphic file (type eps)
 <figures/OpenMP/serialProblem.eps> [181]
File: figures/OpenMP/parallelProblem.eps Graphic file (type eps)

<figures/OpenMP/parallelProblem.eps>
File: figures/OpenMP/SISD_diagram.eps Graphic file (type eps)
 <figures/OpenMP/SISD_diagram.eps>
File: figures/OpenMP/SISD_program.eps Graphic file (type eps)

<figures/OpenMP/SISD_program.eps>
File: figures/OpenMP/SIMD_diagram.eps Graphic file (type eps)
 <figures/OpenMP/SIMD_diagram.eps>
File: figures/OpenMP/SIMD_program.eps Graphic file (type eps)

<figures/OpenMP/SIMD_program.eps>
File: figures/OpenMP/MISD_diagram.eps Graphic file (type eps)
 <figures/OpenMP/MISD_diagram.eps>
File: figures/OpenMP/MISD_program.eps Graphic file (type eps)

<figures/OpenMP/MISD_program.eps>
File: figures/OpenMP/MIMD_diagram.eps Graphic file (type eps)
 <figures/OpenMP/MIMD_diagram.eps>
File: figures/OpenMP/MIMD_program.eps Graphic file (type eps)

<figures/OpenMP/MIMD_program.eps> [182] [183] [184] [185]
File: figures/OpenMP/thread_model.eps Graphic file (type eps)

<figures/OpenMP/thread_model.eps>
File: figures/OpenMP/language_extensions.eps Graphic file (type eps)
 <figures/OpenMP/language_extensions.eps>
[186] [187]
Underfull \hbox (badness 10000) in paragraph at lines 213--214
[]\OT1/cmr/m/n/10 Compiler di-rec-tive
 []


Underfull \hbox (badness 3098) in paragraph at lines 215--216
[]\OT1/cmr/m/n/10 Easy and sim-ple to
 []

[188]
File: figures/OpenMP/pass_model.eps Graphic file (type eps)
 <figures/OpenMP/pass_model.eps> [189]
File: figures/OpenMP/FigureSimulator.eps Graphic file (type eps)

<figures/OpenMP/FigureSimulator.eps> [190]
File: figures/OpenMP/work_share1.eps Graphic file (type eps)
 <figures/OpenMP/work_share1.eps>
Overfull \hbox (21.30121pt too wide) in paragraph at lines 366--367
[][][][][][][][][][][][][][][][][][][][][][][][][][] 
 []

[191]
File: figures/OpenMP/FigureSimulatorLoop.eps Graphic file (type eps)
 <figures/OpenMP/FigureSimulatorLoop.eps> [192]) (./appendix_info.tex
[193]
Underfull \hbox (badness 10000) in paragraph at lines 22--27

 []

[194] [195]) (./appendix_input_measure.tex [196]) (./appendix_hardware.tex
[197]
File: figures/playground/playgrounddesc.eps Graphic file (type eps)
 <figures/playground/playgrounddesc.eps> [198]
Missing character: There is no ¬ in font cmr9!
Missing character: There is no £ in font cmr9!
 [199]
File: figures/legonxt/nxthardware.eps Graphic file (type eps)

<figures/legonxt/nxthardware.eps>
Missing character: There is no ¬ in font cmr9!
Missing character: There is no µ in font cmr9!
 [200]
File: figures/legonxt/nxtsystem.eps Graphic file (type eps)
 <figures/legonxt/nxtsystem.eps>
File: figures/legonxt/legobottom.eps Graphic file (type eps)

<figures/legonxt/legobottom.eps>
File: figures/legonxt/legobottom.eps Graphic file (type eps)
 <figures/legonxt/legobottom.eps>
Missing character: There is no ‚ in font cmr9!
Missing character: There is no Ä in font cmr9!
Missing character: There is no ú in font cmr9!
Missing character: There is no ‚ in font cmr9!
Missing character: There is no Ä in font cmr9!
Missing character: There is no ù in font cmr9!
Missing character: There is no ‚ in font cmr9!
Missing character: There is no Ä in font cmr9!
Missing character: There is no ú in font cmr9!
Missing character: There is no ‚ in font cmr9!
Missing character: There is no Ä in font cmr9!
Missing character: There is no ù in font cmr9!
Missing character: There is no ‚ in font cmr9!
Missing character: There is no Ä in font cmr9!
Missing character: There is no ô in font cmr9!
File: figures/nxtosek/osek1.eps Graphic file (type eps)

<figures/nxtosek/osek1.eps> [201] [202]
Missing character: There is no ¬ in font cmr9!
Missing character: There is no ∑ in font cmr9!
File: figures/nxtosek/osektask.eps Graphic file (type eps)
 <figures/nxtosek/osektask.eps> [203]
[204]
File: figures/nxtosek/oil1.eps Graphic file (type eps)
 <figures/nxtosek/oil1.eps> [205]
LaTeX Font Info:    Font shape `OMS/cmr/m/it' in size <9> not available
(Font)              Font shape `OMS/cmsy/m/n' tried instead on input line 223.

Underfull \vbox (badness 10000) has occurred while \output is active []

 [206]
Underfull \vbox (badness 10000) has occurred while \output is active []

 [207]
Overfull \hbox (32.40125pt too wide) in paragraph at lines 334--335
[][][][][][][][][][][][][][][][][][][][][][][][][][] 
 []


Underfull \vbox (badness 10000) has occurred while \output is active []

 [208]
Overfull \hbox (26.85123pt too wide) in paragraph at lines 366--367
[][][][][][][][][][][][][][][][][][][][][][][][][][] 
 []


Overfull \hbox (21.30121pt too wide) in paragraph at lines 383--384
[][][][][][][][][][][][][][][][][][][][][][][][][][] 
 []


Underfull \hbox (badness 10000) in paragraph at lines 395--396

 []


Overfull \hbox (1.613pt too wide) in paragraph at lines 399--400
[]\OT1/cmr/m/n/9 Main pro-ces-sor: At-mel 32-bit ARM pro-ces-sor, AT91SAM7S256,
 256 KB FLASH,
 []

[209]
File: figures/legonxt/oscilloscope.eps Graphic file (type eps)
 <figures/legonxt/oscilloscope.eps>
File: figures/nxtosek/taskmodel.eps Graphic file (type eps)
 <figures/nxtosek/taskmodel.eps>
[210] [211]
File: figures/nxtosek/TaskLejos.eps Graphic file (type eps)
 <figures/nxtosek/TaskLejos.eps>
File: figures/nxtosek/bluetoothlog.eps Graphic file (type eps)
 <figures/nxtosek/bluetoothlog.eps>
Overfull \hbox (1.48593pt too wide) in paragraph at lines 514--526
[]\OT1/cmr/m/n/9 Communication is achieved by us-ing the Blue-tooth-Core and is
 struc-tured as master-
 []

[212] [213] [214]
File: figures/pololu/up.eps Graphic file (type eps)
 <figures/pololu/up.eps>
File: figures/pololu/down.eps Graphic file (type eps)
 <figures/pololu/down.eps>
Missing character: There is no ‚ in font cmr9!
Missing character: There is no Ä in font cmr9!
Missing character: There is no ô in font cmr9!

Overfull \hbox (67.37564pt too wide) in paragraph at lines 569--571
\OT1/cmr/m/n/9 All the code, videos and de-mos are avail-able on the de-part-me
nt web-site: http://isg.elec.gla.ac.uk/paolo/ 
 []

) (./appendix_language.tex [215]) (./appendix_bayes.tex
File: figures/economy/Ekintegral.eps Graphic file (type eps)

<figures/economy/Ekintegral.eps> [216]
File: figures/economy/GaussianPosterior2.eps Graphic file (type eps)

<figures/economy/GaussianPosterior2.eps>
File: figures/economy/GaussianPredictors.eps Graphic file (type eps)

<figures/economy/GaussianPredictors.eps>) (./appendix_symmetrybreaking.tex
[217]
Missing character: There is no ‚ in font cmr9!
Missing character: There is no Ä in font cmr9!
Missing character: There is no ì in font cmr9!
 [218]) (./appendix_economymodel.tex
Overfull \hbox (8.42813pt too wide) in paragraph at lines 4--11
\OT1/cmr/m/n/9 the box-office take of movies are based on an op-ti-mal Bayesian
 model(Thomas L.Griffiths,
 []

[219] [220]
File: figures/economy/GaussianEvolution.eps Graphic file (type eps)
 <figures/economy/GaussianEvolution.eps>
File: figures/economy/ErlangSymmetric.eps Graphic file (type eps)

<figures/economy/ErlangSymmetric.eps>) [221] (./MainBody.bbl [222] [223]
[224] [225] [226] [227

] [228]
Missing character: There is no √ in font cmr9!
Missing character: There is no § in font cmr9!
 [229]
Missing character: There is no √ in font cmr9!
Missing character: There is no ∂ in font cmr9!
Missing character: There is no √ in font cmr9!
Missing character: There is no ∂ in font cmr9!
Missing character: There is no √ in font cmr9!
Missing character: There is no § in font cmr9!
Missing character: There is no √ in font cmr9!
Missing character: There is no § in font cmr9!
 [230] [231] [232] [233] [234]
Missing character: There is no √ in font cmr9!
Missing character: There is no ∂ in font cmr9!
 [235])
[236] (./MainBody.aux) ) 
Here is how much of TeX's memory you used:
 5391 strings out of 495062
 80894 string characters out of 1182645
 163605 words of memory out of 3000000
 8273 multiletter control sequences out of 15000+50000
 16260 words of font info for 62 fonts, out of 3000000 for 9000
 28 hyphenation exceptions out of 8191
 34i,17n,58p,1090b,1570s stack positions out of 5000i,500n,10000p,200000b,50000s

Output written on MainBody.dvi (236 pages, 817596 bytes).
